mode: set
mini-project/controllers/ctrl_ruangan.go:14.51,16.55 2 1
mini-project/controllers/ctrl_ruangan.go:20.2,20.88 1 1
mini-project/controllers/ctrl_ruangan.go:16.55,18.3 1 0
mini-project/controllers/ctrl_ruangan.go:24.50,27.60 3 1
mini-project/controllers/ctrl_ruangan.go:37.2,37.84 1 0
mini-project/controllers/ctrl_ruangan.go:27.60,28.40 1 1
mini-project/controllers/ctrl_ruangan.go:34.3,34.63 1 0
mini-project/controllers/ctrl_ruangan.go:28.40,32.4 1 1
mini-project/controllers/ctrl_ruangan.go:41.53,45.55 3 1
mini-project/controllers/ctrl_ruangan.go:49.2,49.96 1 1
mini-project/controllers/ctrl_ruangan.go:45.55,47.3 1 0
mini-project/controllers/ctrl_ruangan.go:53.53,56.77 3 1
mini-project/controllers/ctrl_ruangan.go:66.2,66.57 1 0
mini-project/controllers/ctrl_ruangan.go:70.2,70.93 1 0
mini-project/controllers/ctrl_ruangan.go:56.77,57.40 1 1
mini-project/controllers/ctrl_ruangan.go:63.3,63.72 1 0
mini-project/controllers/ctrl_ruangan.go:57.40,61.4 1 1
mini-project/controllers/ctrl_ruangan.go:66.57,68.3 1 0
mini-project/controllers/ctrl_ruangan.go:74.53,78.60 3 1
mini-project/controllers/ctrl_ruangan.go:88.2,93.55 4 0
mini-project/controllers/ctrl_ruangan.go:97.2,97.87 1 0
mini-project/controllers/ctrl_ruangan.go:78.60,79.40 1 1
mini-project/controllers/ctrl_ruangan.go:85.3,85.72 1 0
mini-project/controllers/ctrl_ruangan.go:79.40,83.4 1 1
mini-project/controllers/ctrl_ruangan.go:93.55,95.3 1 0
mini-project/controllers/ctrl_dosen.go:16.49,18.53 2 1
mini-project/controllers/ctrl_dosen.go:22.2,22.85 1 1
mini-project/controllers/ctrl_dosen.go:18.53,20.3 1 0
mini-project/controllers/ctrl_dosen.go:26.48,29.59 3 1
mini-project/controllers/ctrl_dosen.go:39.2,39.80 1 0
mini-project/controllers/ctrl_dosen.go:29.59,30.40 1 1
mini-project/controllers/ctrl_dosen.go:36.3,36.63 1 0
mini-project/controllers/ctrl_dosen.go:30.40,34.4 1 1
mini-project/controllers/ctrl_dosen.go:43.51,47.63 3 1
mini-project/controllers/ctrl_dosen.go:51.2,51.92 1 0
mini-project/controllers/ctrl_dosen.go:47.63,49.3 1 1
mini-project/controllers/ctrl_dosen.go:55.51,58.76 3 1
mini-project/controllers/ctrl_dosen.go:68.2,68.77 1 0
mini-project/controllers/ctrl_dosen.go:72.2,72.89 1 0
mini-project/controllers/ctrl_dosen.go:58.76,59.40 1 1
mini-project/controllers/ctrl_dosen.go:65.3,65.72 1 0
mini-project/controllers/ctrl_dosen.go:59.40,63.4 1 1
mini-project/controllers/ctrl_dosen.go:68.77,70.3 1 0
mini-project/controllers/ctrl_dosen.go:76.51,80.70 3 1
mini-project/controllers/ctrl_dosen.go:90.2,96.75 7 0
mini-project/controllers/ctrl_dosen.go:100.2,100.83 1 0
mini-project/controllers/ctrl_dosen.go:80.70,81.40 1 1
mini-project/controllers/ctrl_dosen.go:87.3,87.72 1 0
mini-project/controllers/ctrl_dosen.go:81.40,85.4 1 1
mini-project/controllers/ctrl_dosen.go:96.75,98.3 1 0
mini-project/controllers/ctrl_jadwal.go:13.50,15.135 2 0
mini-project/controllers/ctrl_jadwal.go:19.2,19.86 1 0
mini-project/controllers/ctrl_jadwal.go:15.135,17.3 1 0
mini-project/controllers/ctrl_jadwal.go:22.57,25.155 3 0
mini-project/controllers/ctrl_jadwal.go:35.2,35.82 1 0
mini-project/controllers/ctrl_jadwal.go:25.155,26.40 1 0
mini-project/controllers/ctrl_jadwal.go:32.3,32.63 1 0
mini-project/controllers/ctrl_jadwal.go:26.40,30.4 1 0
mini-project/controllers/ctrl_jadwal.go:38.51,41.151 3 0
mini-project/controllers/ctrl_jadwal.go:51.2,51.82 1 0
mini-project/controllers/ctrl_jadwal.go:41.151,42.40 1 0
mini-project/controllers/ctrl_jadwal.go:48.3,48.63 1 0
mini-project/controllers/ctrl_jadwal.go:42.40,46.4 1 0
mini-project/controllers/ctrl_jadwal.go:54.53,58.72 3 0
mini-project/controllers/ctrl_jadwal.go:62.2,62.93 1 0
mini-project/controllers/ctrl_jadwal.go:58.72,60.3 1 0
mini-project/controllers/ctrl_jadwal.go:65.52,69.86 3 0
mini-project/controllers/ctrl_jadwal.go:79.2,79.88 1 0
mini-project/controllers/ctrl_jadwal.go:83.2,83.91 1 0
mini-project/controllers/ctrl_jadwal.go:69.86,70.40 1 0
mini-project/controllers/ctrl_jadwal.go:76.3,76.72 1 0
mini-project/controllers/ctrl_jadwal.go:70.40,74.4 1 0
mini-project/controllers/ctrl_jadwal.go:79.88,81.3 1 0
mini-project/controllers/ctrl_jadwal.go:86.52,90.86 3 0
mini-project/controllers/ctrl_jadwal.go:100.2,108.86 8 0
mini-project/controllers/ctrl_jadwal.go:112.2,112.85 1 0
mini-project/controllers/ctrl_jadwal.go:90.86,91.40 1 0
mini-project/controllers/ctrl_jadwal.go:97.3,97.72 1 0
mini-project/controllers/ctrl_jadwal.go:91.40,95.4 1 0
mini-project/controllers/ctrl_jadwal.go:108.86,110.3 1 0
mini-project/controllers/ctrl_matkul.go:14.50,16.55 2 1
mini-project/controllers/ctrl_matkul.go:20.2,20.91 1 1
mini-project/controllers/ctrl_matkul.go:16.55,18.3 1 0
mini-project/controllers/ctrl_matkul.go:24.49,27.59 3 1
mini-project/controllers/ctrl_matkul.go:37.2,37.86 1 0
mini-project/controllers/ctrl_matkul.go:27.59,28.40 1 1
mini-project/controllers/ctrl_matkul.go:34.3,34.63 1 0
mini-project/controllers/ctrl_matkul.go:28.40,32.4 1 1
mini-project/controllers/ctrl_matkul.go:41.52,45.54 3 1
mini-project/controllers/ctrl_matkul.go:49.2,49.98 1 1
mini-project/controllers/ctrl_matkul.go:45.54,47.3 1 0
mini-project/controllers/ctrl_matkul.go:53.52,56.79 3 1
mini-project/controllers/ctrl_matkul.go:66.2,66.56 1 0
mini-project/controllers/ctrl_matkul.go:70.2,70.95 1 0
mini-project/controllers/ctrl_matkul.go:56.79,57.40 1 1
mini-project/controllers/ctrl_matkul.go:63.3,63.72 1 0
mini-project/controllers/ctrl_matkul.go:57.40,61.4 1 1
mini-project/controllers/ctrl_matkul.go:66.56,68.3 1 0
mini-project/controllers/ctrl_matkul.go:74.52,78.59 3 1
mini-project/controllers/ctrl_matkul.go:88.2,94.54 6 0
mini-project/controllers/ctrl_matkul.go:98.2,98.85 1 0
mini-project/controllers/ctrl_matkul.go:78.59,79.40 1 1
mini-project/controllers/ctrl_matkul.go:85.3,85.72 1 0
mini-project/controllers/ctrl_matkul.go:79.40,83.4 1 1
mini-project/controllers/ctrl_matkul.go:94.54,96.3 1 0
mini-project/controllers/ctrl_operator.go:12.44,16.134 3 0
mini-project/controllers/ctrl_operator.go:20.2,21.16 2 0
mini-project/controllers/ctrl_operator.go:24.2,27.4 1 0
mini-project/controllers/ctrl_operator.go:16.134,18.3 1 0
mini-project/controllers/ctrl_operator.go:21.16,23.3 1 0
